Arguments: 
  /home/maximiliano/.nvm/versions/node/v12.22.6/bin/node /usr/share/yarn/bin/yarn.js add hardhat @nomiclabs/hardhat-waffle ethereum-waffle chai @nomiclabs-ethers ethers

PATH: 
  /usr/lib/jvm/java-8-1.8.0_292-zulu-8.54.0.21/bin:/home/maximiliano/.nvm/versions/node/v12.22.6/bin:/home/maximiliano/.local/bin:/home/maximiliano/env/bin:/home/maximiliano/indeed/hobo/bin:/home/maximiliano/.tfenv/bin:/home/maximiliano/indeed/system-setup/bin:/home/maximiliano/.pyenv/shims:/home/maximiliano/.pyenv/bin:/home/maximiliano/.indeed-dev-tools/bin:/home/maximiliano/indeed/javadev/bin/po:/home/maximiliano/indeed/javadev/bin:/usr/local/sbin:/usr/local/bin:/usr/sbin:/usr/bin:/sbin:/bin:/usr/games:/usr/local/games:/snap/bin:/usr/local/go/bin:/home/maximiliano/go/bin

Yarn version: 
  1.22.5

Node version: 
  12.22.6

Platform: 
  linux x64

Trace: 
  Error: https://registry.yarnpkg.com/@nomiclabs-ethers: Request "https://registry.yarnpkg.com/@nomiclabs-ethers" returned a 405
      at Request.params.callback [as _callback] (/usr/share/yarn/lib/cli.js:66997:18)
      at Request.self.callback (/usr/share/yarn/lib/cli.js:140749:22)
      at Request.emit (events.js:314:20)
      at Request.<anonymous> (/usr/share/yarn/lib/cli.js:141721:10)
      at Request.emit (events.js:314:20)
      at IncomingMessage.<anonymous> (/usr/share/yarn/lib/cli.js:141643:12)
      at Object.onceWrapper (events.js:420:28)
      at IncomingMessage.emit (events.js:326:22)
      at endReadableNT (_stream_readable.js:1241:12)
      at processTicksAndRejections (internal/process/task_queues.js:84:21)

npm manifest: 
  No manifest

yarn manifest: 
  No manifest

Lockfile: 
  # THIS IS AN AUTOGENERATED FILE. DO NOT EDIT THIS FILE DIRECTLY.
  # yarn lockfile v1
